<?xml version="1.0" encoding="UTF-8" ?>
<testsuite tests="10" failures="0" name="sako.fabio.nasa.discovery.bean.TestProbe" time="0.084" errors="0" skipped="0">
  <properties>
    <property name="java.runtime.name" value="Java(TM) SE Runtime Environment"/>
    <property name="sun.boot.library.path" value="/opt/dev/java/jdk/jdk1.8.0_60/jre/lib/amd64"/>
    <property name="java.vm.version" value="25.60-b23"/>
    <property name="java.vm.vendor" value="Oracle Corporation"/>
    <property name="java.vendor.url" value="http://java.oracle.com/"/>
    <property name="path.separator" value=":"/>
    <property name="guice.disable.misplaced.annotation.check" value="true"/>
    <property name="java.vm.name" value="Java HotSpot(TM) 64-Bit Server VM"/>
    <property name="file.encoding.pkg" value="sun.io"/>
    <property name="user.country" value="US"/>
    <property name="sun.java.launcher" value="SUN_STANDARD"/>
    <property name="sun.os.patch.level" value="unknown"/>
    <property name="java.vm.specification.name" value="Java Virtual Machine Specification"/>
    <property name="user.dir" value="/home/fabio/Buscape/workspace/mars-discovery"/>
    <property name="java.runtime.version" value="1.8.0_60-b27"/>
    <property name="java.awt.graphicsenv" value="sun.awt.X11GraphicsEnvironment"/>
    <property name="java.endorsed.dirs" value="/opt/dev/java/jdk/jdk1.8.0_60/jre/lib/endorsed"/>
    <property name="os.arch" value="amd64"/>
    <property name="java.io.tmpdir" value="/tmp"/>
    <property name="line.separator" value="
"/>
    <property name="java.vm.specification.vendor" value="Oracle Corporation"/>
    <property name="os.name" value="Linux"/>
    <property name="classworlds.conf" value="/opt/dev/java/tools/maven/bin/m2.conf"/>
    <property name="sun.jnu.encoding" value="UTF-8"/>
    <property name="java.library.path" value="/usr/java/packages/lib/amd64:/usr/lib64:/lib64:/lib:/usr/lib"/>
    <property name="java.specification.name" value="Java Platform API Specification"/>
    <property name="java.class.version" value="52.0"/>
    <property name="sun.management.compiler" value="HotSpot 64-Bit Tiered Compilers"/>
    <property name="os.version" value="3.19.0-42-generic"/>
    <property name="user.home" value="/home/fabio"/>
    <property name="user.timezone" value="America/Sao_Paulo"/>
    <property name="java.awt.printerjob" value="sun.print.PSPrinterJob"/>
    <property name="file.encoding" value="UTF-8"/>
    <property name="java.specification.version" value="1.8"/>
    <property name="user.name" value="fabio"/>
    <property name="java.class.path" value="/opt/dev/java/tools/maven/boot/plexus-classworlds-2.5.1.jar"/>
    <property name="java.vm.specification.version" value="1.8"/>
    <property name="sun.arch.data.model" value="64"/>
    <property name="java.home" value="/opt/dev/java/jdk/jdk1.8.0_60/jre"/>
    <property name="sun.java.command" value="org.codehaus.plexus.classworlds.launcher.Launcher clean package"/>
    <property name="java.specification.vendor" value="Oracle Corporation"/>
    <property name="user.language" value="en"/>
    <property name="awt.toolkit" value="sun.awt.X11.XToolkit"/>
    <property name="java.vm.info" value="mixed mode"/>
    <property name="java.version" value="1.8.0_60"/>
    <property name="java.ext.dirs" value="/opt/dev/java/jdk/jdk1.8.0_60/jre/lib/ext:/usr/java/packages/lib/ext"/>
    <property name="securerandom.source" value="file:/dev/./urandom"/>
    <property name="sun.boot.class.path" value="/opt/dev/java/jdk/jdk1.8.0_60/jre/lib/resources.jar:/opt/dev/java/jdk/jdk1.8.0_60/jre/lib/rt.jar:/opt/dev/java/jdk/jdk1.8.0_60/jre/lib/sunrsasign.jar:/opt/dev/java/jdk/jdk1.8.0_60/jre/lib/jsse.jar:/opt/dev/java/jdk/jdk1.8.0_60/jre/lib/jce.jar:/opt/dev/java/jdk/jdk1.8.0_60/jre/lib/charsets.jar:/opt/dev/java/jdk/jdk1.8.0_60/jre/lib/jfr.jar:/opt/dev/java/jdk/jdk1.8.0_60/jre/classes"/>
    <property name="java.vendor" value="Oracle Corporation"/>
    <property name="maven.home" value="/opt/dev/java/tools/maven"/>
    <property name="file.separator" value="/"/>
    <property name="java.vendor.url.bug" value="http://bugreport.sun.com/bugreport/"/>
    <property name="sun.cpu.endian" value="little"/>
    <property name="sun.io.unicode.encoding" value="UnicodeLittle"/>
    <property name="sun.desktop" value="gnome"/>
    <property name="sun.cpu.isalist" value=""/>
  </properties>
  <testcase classname="sako.fabio.nasa.discovery.bean.TestProbe" name="testMoveToNorth" time="0.07"/>
  <testcase classname="sako.fabio.nasa.discovery.bean.TestProbe" name="testProbeMoveRightSequences" time="0.004"/>
  <testcase classname="sako.fabio.nasa.discovery.bean.TestProbe" name="testProveMoveBeyondBorderSouthShouldThrowsException" time="0.002"/>
  <testcase classname="sako.fabio.nasa.discovery.bean.TestProbe" name="testProveMoveBeyondBorderNorthShouldThrowsException" time="0"/>
  <testcase classname="sako.fabio.nasa.discovery.bean.TestProbe" name="testProveMoveBeyondBorderWestShouldThrowsException" time="0"/>
  <testcase classname="sako.fabio.nasa.discovery.bean.TestProbe" name="testProveMoveBeyondBorderEASTShouldThrowsException" time="0"/>
  <testcase classname="sako.fabio.nasa.discovery.bean.TestProbe" name="testMoveToEast" time="0.001"/>
  <testcase classname="sako.fabio.nasa.discovery.bean.TestProbe" name="testMoveToSouth" time="0.002"/>
  <testcase classname="sako.fabio.nasa.discovery.bean.TestProbe" name="testMoveToWeast" time="0.001"/>
  <testcase classname="sako.fabio.nasa.discovery.bean.TestProbe" name="testProbeMoveLeftSequences" time="0.004"/>
</testsuite>